{"ts":1703786388477,"action":"IDE_DEACTIVATED"}
{"ts":1703786393150,"action":"IDE_ACTIVATED"}
{"ts":1703786395622,"action":"IDE_DEACTIVATED"}
{"ts":1703786399975,"action":"IDE_ACTIVATED"}
{"ts":1703786429637,"action":"FILE_CLOSED","file":"/tracker/tracker_data/src/main/java/com/plcoding/tracker_data/local/TrackerDao.kt","tags":{"FILE_LINE_OF_CODE":"24"}}
{"ts":1703786429637,"action":"FILE_OPENED","file":"/core-ui/build.gradle.kts","tags":{"FILE_LINE_OF_CODE":"10"}}
{"ts":1703786431009,"action":"FILE_CLOSED","file":"/core-ui/build.gradle.kts","tags":{"FILE_LINE_OF_CODE":"10"}}
{"ts":1703786431009,"action":"FILE_OPENED","file":"/core/build.gradle.kts","tags":{"FILE_LINE_OF_CODE":"10"}}
{"ts":1703786431764,"action":"FILE_CLOSED","file":"/core/build.gradle.kts","tags":{"FILE_LINE_OF_CODE":"10"}}
{"ts":1703786431764,"action":"FILE_OPENED","file":"/onboarding/onboarding_domain/build.gradle.kts","tags":{"FILE_LINE_OF_CODE":"14"}}
{"ts":1703786464316,"action":"FILE_CLOSED","file":"/onboarding/onboarding_domain/build.gradle.kts","tags":{"FILE_LINE_OF_CODE":"14"}}
{"ts":1703786464347,"action":"FILE_OPENED","file":"/buildSrc/src/main/java/AndroidX.kt","tags":{"FILE_LINE_OF_CODE":"7"}}
{"ts":1703786464377,"action":"FILE_CLOSED","file":"/buildSrc/src/main/java/AndroidX.kt","tags":{"FILE_LINE_OF_CODE":"7"}}
{"ts":1703786464377,"action":"FILE_OPENED","file":"/tracker/tracker_data/src/main/java/com/plcoding/tracker_data/local/TrackerDao.kt","tags":{"FILE_LINE_OF_CODE":"24"}}
{"ts":1703786503314,"action":"FILE_CLOSED","file":"/tracker/tracker_data/src/main/java/com/plcoding/tracker_data/local/TrackerDao.kt","tags":{"FILE_LINE_OF_CODE":"24"}}
{"ts":1703786513115,"action":"FILE_OPENED","file":"/tracker/tracker_data/src/main/java/com/plcoding/tracker_data/local/entity/TrackedFoodEntity.kt","tags":{"FILE_LINE_OF_CODE":"21"}}
{"ts":1703786515921,"action":"IDE_DEACTIVATED"}
{"ts":1703786518146,"action":"IDE_ACTIVATED"}
{"ts":1703786532514,"action":"FILE_CLOSED","file":"/tracker/tracker_data/src/main/java/com/plcoding/tracker_data/local/entity/TrackedFoodEntity.kt","tags":{"FILE_LINE_OF_CODE":"21"}}
{"ts":1703786532514,"action":"FILE_OPENED","file":"/gradle/wrapper/gradle-wrapper.properties","tags":{"FILE_LINE_OF_CODE":"7"}}
{"ts":1703786544778,"action":"IDE_DEACTIVATED"}
{"ts":1703786558697,"action":"IDE_ACTIVATED"}
{"ts":1703786579877,"action":"FILE_CLOSED","file":"/gradle/wrapper/gradle-wrapper.properties","tags":{"FILE_LINE_OF_CODE":"7"}}
{"ts":1703786613496,"action":"FILE_OPENED","file":"/tracker/tracker_data/src/main/java/com/plcoding/tracker_data/local/entity/TrackedFoodEntity.kt","tags":{"FILE_LINE_OF_CODE":"21"}}
{"ts":1703786635133,"action":"FILE_CLOSED","file":"/tracker/tracker_data/src/main/java/com/plcoding/tracker_data/local/entity/TrackedFoodEntity.kt","tags":{"FILE_LINE_OF_CODE":"21"}}
{"ts":1703786673452,"action":"PROJECT_CLOSED","tags":{"PROJECT_NAME":"CaloryTracker"}}
{"ts":1703786681019,"action":"FILE_OPENED","file":"/buildSrc/src/main/java/AndroidX.kt","tags":{"FILE_LINE_OF_CODE":"7"}}
{"ts":1703786681362,"action":"FILE_CLOSED","file":"/buildSrc/src/main/java/AndroidX.kt","tags":{"FILE_LINE_OF_CODE":"7"}}
{"ts":1703786681362,"action":"FILE_OPENED","file":"/tracker/tracker_data/src/main/java/com/plcoding/tracker_data/local/entity/TrackedFoodEntity.kt","tags":{"FILE_LINE_OF_CODE":"21"}}
{"ts":1703786681268,"action":"PROJECT_OPENED","tags":{"PROJECT_NAME":"CaloryTracker"}}
{"ts":1703786682504,"action":"IDE_DEACTIVATED"}
{"ts":1703786684747,"action":"IDE_ACTIVATED"}
{"ts":1703786686590,"action":"IDE_DEACTIVATED"}
{"ts":1703786686591,"action":"IDE_ACTIVATED"}
{"ts":1703786715251,"action":"FILE_CLOSED","file":"/tracker/tracker_data/src/main/java/com/plcoding/tracker_data/local/entity/TrackedFoodEntity.kt","tags":{"FILE_LINE_OF_CODE":"21"}}
{"ts":1703786715251,"action":"FILE_OPENED","file":"/tracker/tracker_data/src/main/java/com/plcoding/tracker_data/mapper/TrackableFoodMapper.kt","tags":{"FILE_LINE_OF_CODE":"20"}}
{"ts":1703786724198,"action":"FILE_CLOSED","file":"/tracker/tracker_data/src/main/java/com/plcoding/tracker_data/mapper/TrackableFoodMapper.kt","tags":{"FILE_LINE_OF_CODE":"20"}}
{"ts":1703786724198,"action":"FILE_OPENED","file":"/tracker/tracker_data/src/main/java/com/plcoding/tracker_data/remote/dto/Product.kt","tags":{"FILE_LINE_OF_CODE":"12"}}
{"ts":1703786736429,"action":"FILE_CLOSED","file":"/tracker/tracker_data/src/main/java/com/plcoding/tracker_data/remote/dto/Product.kt","tags":{"FILE_LINE_OF_CODE":"12"}}
{"ts":1703786736429,"action":"FILE_OPENED","file":"/buildSrc/build.gradle.kts","tags":{"FILE_LINE_OF_CODE":"25"}}
{"ts":1703786780791,"action":"FILE_CLOSED","file":"/buildSrc/build.gradle.kts","tags":{"FILE_LINE_OF_CODE":"25"}}
{"ts":1703786780791,"action":"FILE_OPENED","file":"/onboarding/onboarding_domain/build.gradle.kts","tags":{"FILE_LINE_OF_CODE":"14"}}
{"ts":1703786783050,"action":"FILE_CLOSED","file":"/onboarding/onboarding_domain/build.gradle.kts","tags":{"FILE_LINE_OF_CODE":"14"}}
{"ts":1703786783060,"action":"FILE_OPENED","file":"/core/build.gradle.kts","tags":{"FILE_LINE_OF_CODE":"10"}}
{"ts":1703786784483,"action":"FILE_CLOSED","file":"/core/build.gradle.kts","tags":{"FILE_LINE_OF_CODE":"10"}}
{"ts":1703786784483,"action":"FILE_OPENED","file":"/core-ui/build.gradle.kts","tags":{"FILE_LINE_OF_CODE":"10"}}
{"ts":1703786786998,"action":"FILE_CLOSED","file":"/core-ui/build.gradle.kts","tags":{"FILE_LINE_OF_CODE":"10"}}
{"ts":1703786787008,"action":"FILE_OPENED","file":"/tracker/tracker_data/src/main/java/com/plcoding/tracker_data/local/TrackerDatabase.kt","tags":{"FILE_LINE_OF_CODE":"14"}}
{"ts":1703786788052,"action":"FILE_CLOSED","file":"/tracker/tracker_data/src/main/java/com/plcoding/tracker_data/local/TrackerDatabase.kt","tags":{"FILE_LINE_OF_CODE":"14"}}
{"ts":1703786788052,"action":"FILE_OPENED","file":"/core/build.gradle.kts","tags":{"FILE_LINE_OF_CODE":"10"}}
{"ts":1703786789846,"action":"FILE_CLOSED","file":"/core/build.gradle.kts","tags":{"FILE_LINE_OF_CODE":"10"}}
{"ts":1703786789850,"action":"FILE_OPENED","file":"/tracker/tracker_data/src/main/java/com/plcoding/tracker_data/local/TrackerDatabase.kt","tags":{"FILE_LINE_OF_CODE":"14"}}
{"ts":1703786791354,"action":"FILE_CLOSED","file":"/tracker/tracker_data/src/main/java/com/plcoding/tracker_data/local/TrackerDatabase.kt","tags":{"FILE_LINE_OF_CODE":"14"}}
{"ts":1703786791354,"action":"FILE_OPENED","file":"/build.gradle.kts","tags":{"FILE_LINE_OF_CODE":"21"}}
{"ts":1703786796290,"action":"IDE_DEACTIVATED"}
{"ts":1703786797755,"action":"IDE_ACTIVATED"}
{"ts":1703786798070,"action":"IDE_DEACTIVATED"}
{"ts":1703786800878,"action":"IDE_ACTIVATED"}
{"ts":1703786822253,"action":"IDE_DEACTIVATED"}
{"ts":1703786823776,"action":"IDE_ACTIVATED"}
{"ts":1703786983556,"action":"FILE_CLOSED","file":"/build.gradle.kts","tags":{"FILE_LINE_OF_CODE":"21"}}
{"ts":1703786983565,"action":"FILE_OPENED","file":"/app/build.gradle.kts","tags":{"FILE_LINE_OF_CODE":"108"}}
{"ts":1703787010636,"action":"FILE_CLOSED","file":"/app/build.gradle.kts","tags":{"FILE_LINE_OF_CODE":"108"}}
{"ts":1703787010636,"action":"FILE_OPENED","file":"/buildSrc/build.gradle.kts","tags":{"FILE_LINE_OF_CODE":"25"}}
{"ts":1703787258140,"action":"FILE_CLOSED","file":"/buildSrc/build.gradle.kts","tags":{"FILE_LINE_OF_CODE":"20"}}
{"ts":1703787261893,"action":"FILE_OPENED","file":"/tracker/tracker_data/src/main/java/com/plcoding/tracker_data/remote/dto/Product.kt","tags":{"FILE_LINE_OF_CODE":"12"}}
{"ts":1703787343718,"action":"FILE_CLOSED","file":"/tracker/tracker_data/src/main/java/com/plcoding/tracker_data/remote/dto/Product.kt","tags":{"FILE_LINE_OF_CODE":"12"}}
{"ts":1703787343718,"action":"FILE_OPENED","file":"/gradle/wrapper/gradle-wrapper.properties","tags":{"FILE_LINE_OF_CODE":"7"}}
{"ts":1703787344309,"action":"FILE_CLOSED","file":"/gradle/wrapper/gradle-wrapper.properties","tags":{"FILE_LINE_OF_CODE":"7"}}
{"ts":1703787344309,"action":"FILE_OPENED","file":"/buildSrc/build.gradle.kts","tags":{"FILE_LINE_OF_CODE":"20"}}
{"ts":1703787355108,"action":"FILE_CLOSED","file":"/buildSrc/build.gradle.kts","tags":{"FILE_LINE_OF_CODE":"20"}}
{"ts":1703787355113,"action":"FILE_OPENED","file":"/gradle/wrapper/gradle-wrapper.properties","tags":{"FILE_LINE_OF_CODE":"7"}}
{"ts":1703787357517,"action":"FILE_CLOSED","file":"/gradle/wrapper/gradle-wrapper.properties","tags":{"FILE_LINE_OF_CODE":"7"}}
{"ts":1703787357517,"action":"FILE_OPENED","file":"/buildSrc/build.gradle.kts","tags":{"FILE_LINE_OF_CODE":"20"}}
{"ts":1703787383640,"action":"FILE_CLOSED","file":"/buildSrc/build.gradle.kts","tags":{"FILE_LINE_OF_CODE":"25"}}
{"ts":1703787383640,"action":"FILE_OPENED","file":"/compose-module.gradle","tags":{"FILE_LINE_OF_CODE":"72"}}
{"ts":1703787392553,"action":"FILE_CLOSED","file":"/compose-module.gradle","tags":{"FILE_LINE_OF_CODE":"72"}}
{"ts":1703787392553,"action":"FILE_OPENED","file":"/buildSrc/src/main/java/Compose.kt","tags":{"FILE_LINE_OF_CODE":"22"}}
{"ts":1703787408596,"action":"IDE_DEACTIVATED"}
{"ts":1703787416665,"action":"IDE_ACTIVATED"}
{"ts":1703787430209,"action":"IDE_DEACTIVATED"}
{"ts":1703787468761,"action":"IDE_ACTIVATED"}
{"ts":1703787504473,"action":"FILE_CLOSED","file":"/buildSrc/src/main/java/Compose.kt","tags":{"FILE_LINE_OF_CODE":"22"}}
{"ts":1703787504473,"action":"FILE_OPENED","file":"/build.gradle.kts","tags":{"FILE_LINE_OF_CODE":"21"}}
{"ts":1703787508756,"action":"FILE_CLOSED","file":"/build.gradle.kts","tags":{"FILE_LINE_OF_CODE":"21"}}
{"ts":1703787508756,"action":"FILE_OPENED","file":"/buildSrc/src/main/java/Compose.kt","tags":{"FILE_LINE_OF_CODE":"22"}}
{"ts":1703787512646,"action":"FILE_CLOSED","file":"/buildSrc/src/main/java/Compose.kt","tags":{"FILE_LINE_OF_CODE":"22"}}
{"ts":1703787512647,"action":"FILE_OPENED","file":"/buildSrc/src/main/java/AndroidX.kt","tags":{"FILE_LINE_OF_CODE":"7"}}
{"ts":1703787531907,"action":"FILE_CLOSED","file":"/buildSrc/src/main/java/AndroidX.kt","tags":{"FILE_LINE_OF_CODE":"7"}}
{"ts":1703787531907,"action":"FILE_OPENED","file":"/buildSrc/src/main/java/Kotlin.kt","tags":{"FILE_LINE_OF_CODE":"3"}}
{"ts":1703787533580,"action":"IDE_DEACTIVATED"}
{"ts":1703787534188,"action":"IDE_ACTIVATED"}
{"ts":1703787582740,"action":"IDE_DEACTIVATED"}
{"ts":1703787585214,"action":"IDE_ACTIVATED"}
{"ts":1703787587114,"action":"FILE_CLOSED","file":"/buildSrc/src/main/java/Kotlin.kt","tags":{"FILE_LINE_OF_CODE":"3"}}
{"ts":1703787587114,"action":"FILE_OPENED","file":"/buildSrc/src/main/java/Compose.kt","tags":{"FILE_LINE_OF_CODE":"22"}}
{"ts":1703787591672,"action":"IDE_DEACTIVATED"}
{"ts":1703787593134,"action":"IDE_ACTIVATED"}
{"ts":1703787602052,"action":"IDE_DEACTIVATED"}
{"ts":1703787605902,"action":"IDE_ACTIVATED"}
{"ts":1703787622474,"action":"IDE_DEACTIVATED"}
{"ts":1703787640425,"action":"IDE_ACTIVATED"}
{"ts":1703787645290,"action":"FILE_CLOSED","file":"/buildSrc/src/main/java/Compose.kt","tags":{"FILE_LINE_OF_CODE":"22"}}
{"ts":1703787645290,"action":"FILE_OPENED","file":"/buildSrc/src/main/java/Testing.kt","tags":{"FILE_LINE_OF_CODE":"30"}}
{"ts":1703787646169,"action":"FILE_CLOSED","file":"/buildSrc/src/main/java/Testing.kt","tags":{"FILE_LINE_OF_CODE":"30"}}
{"ts":1703787646169,"action":"FILE_OPENED","file":"/build.gradle.kts","tags":{"FILE_LINE_OF_CODE":"21"}}
{"ts":1703787648036,"action":"FILE_CLOSED","file":"/build.gradle.kts","tags":{"FILE_LINE_OF_CODE":"21"}}
{"ts":1703787648036,"action":"FILE_OPENED","file":"/buildSrc/src/main/java/Google.kt","tags":{"FILE_LINE_OF_CODE":"4"}}
{"ts":1703787648839,"action":"FILE_CLOSED","file":"/buildSrc/src/main/java/Google.kt","tags":{"FILE_LINE_OF_CODE":"4"}}
{"ts":1703787648839,"action":"FILE_OPENED","file":"/buildSrc/src/main/java/DaggerHilt.kt","tags":{"FILE_LINE_OF_CODE":"5"}}
{"ts":1703787651470,"action":"IDE_DEACTIVATED"}
{"ts":1703787676483,"action":"IDE_ACTIVATED"}
{"ts":1703787687714,"action":"IDE_DEACTIVATED"}
{"ts":1703787688825,"action":"IDE_ACTIVATED"}
{"ts":1703787690652,"action":"FILE_CLOSED","file":"/buildSrc/src/main/java/DaggerHilt.kt","tags":{"FILE_LINE_OF_CODE":"5"}}
{"ts":1703787690652,"action":"FILE_OPENED","file":"/buildSrc/src/main/java/ProjectConfig.kt","tags":{"FILE_LINE_OF_CODE":"8"}}
{"ts":1703787708890,"action":"FILE_CLOSED","file":"/buildSrc/src/main/java/ProjectConfig.kt","tags":{"FILE_LINE_OF_CODE":"8"}}
{"ts":1703787708891,"action":"FILE_OPENED","file":"/buildSrc/build.gradle.kts","tags":{"FILE_LINE_OF_CODE":"25"}}
{"ts":1703787737626,"action":"IDE_DEACTIVATED"}
{"ts":1703787786017,"action":"IDE_ACTIVATED"}
{"ts":1703787798730,"action":"IDE_DEACTIVATED"}
{"ts":1703787831648,"action":"IDE_ACTIVATED"}
{"ts":1703787859563,"action":"IDE_DEACTIVATED"}
{"ts":1703787866235,"action":"IDE_ACTIVATED"}
{"ts":1703787869781,"action":"IDE_DEACTIVATED"}
{"ts":1703787897420,"action":"IDE_ACTIVATED"}
{"ts":1703787917917,"action":"IDE_DEACTIVATED"}
{"ts":1703787918513,"action":"IDE_ACTIVATED"}
{"ts":1703787918777,"action":"IDE_DEACTIVATED"}
{"ts":1703787937445,"action":"IDE_ACTIVATED"}
{"ts":1703787940496,"action":"IDE_DEACTIVATED"}
{"ts":1703787983558,"action":"IDE_ACTIVATED"}
{"ts":1703787985012,"action":"IDE_DEACTIVATED"}
{"ts":1703788004813,"action":"IDE_ACTIVATED"}
{"ts":1703788028131,"action":"IDE_DEACTIVATED"}
{"ts":1703788121492,"action":"IDE_ACTIVATED"}
{"ts":1703788128608,"action":"IDE_DEACTIVATED"}
{"ts":1703788141809,"action":"IDE_ACTIVATED"}
{"ts":1703788187593,"action":"FILE_CLOSED","file":"/buildSrc/build.gradle.kts","tags":{"FILE_LINE_OF_CODE":"25"}}
{"ts":1703788187593,"action":"FILE_OPENED","file":"/buildSrc/src/main/java/DaggerHilt.kt","tags":{"FILE_LINE_OF_CODE":"5"}}
{"ts":1703788191264,"action":"IDE_DEACTIVATED"}
{"ts":1703788323746,"action":"IDE_ACTIVATED"}
{"ts":1703788342799,"action":"FILE_CLOSED","file":"/buildSrc/src/main/java/DaggerHilt.kt","tags":{"FILE_LINE_OF_CODE":"5"}}
{"ts":1703788342799,"action":"FILE_OPENED","file":"/buildSrc/src/main/java/Google.kt","tags":{"FILE_LINE_OF_CODE":"4"}}
{"ts":1703788364161,"action":"FILE_CLOSED","file":"/buildSrc/src/main/java/Google.kt","tags":{"FILE_LINE_OF_CODE":"4"}}
{"ts":1703788364161,"action":"FILE_OPENED","file":"/app/build.gradle.kts","tags":{"FILE_LINE_OF_CODE":"108"}}
{"ts":1703788376611,"action":"FILE_CLOSED","file":"/app/build.gradle.kts","tags":{"FILE_LINE_OF_CODE":"108"}}
{"ts":1703788376611,"action":"FILE_OPENED","file":"/buildSrc/src/main/java/Modules.kt","tags":{"FILE_LINE_OF_CODE":"13"}}
{"ts":1703788382663,"action":"FILE_CLOSED","file":"/buildSrc/src/main/java/Modules.kt","tags":{"FILE_LINE_OF_CODE":"13"}}
{"ts":1703788382663,"action":"FILE_OPENED","file":"/app/build.gradle.kts","tags":{"FILE_LINE_OF_CODE":"108"}}
{"ts":1703788384658,"action":"FILE_CLOSED","file":"/app/build.gradle.kts","tags":{"FILE_LINE_OF_CODE":"108"}}
{"ts":1703788384658,"action":"FILE_OPENED","file":"/buildSrc/src/main/java/Modules.kt","tags":{"FILE_LINE_OF_CODE":"13"}}
{"ts":1703788385196,"action":"FILE_CLOSED","file":"/buildSrc/src/main/java/Modules.kt","tags":{"FILE_LINE_OF_CODE":"13"}}
{"ts":1703788385196,"action":"FILE_OPENED","file":"/app/build.gradle.kts","tags":{"FILE_LINE_OF_CODE":"108"}}
{"ts":1703788386388,"action":"FILE_CLOSED","file":"/app/build.gradle.kts","tags":{"FILE_LINE_OF_CODE":"108"}}
{"ts":1703788388954,"action":"FILE_OPENED","file":"/buildSrc/src/main/java/Modules.kt","tags":{"FILE_LINE_OF_CODE":"13"}}
{"ts":1703788393015,"action":"IDE_DEACTIVATED"}
{"ts":1703788444337,"action":"IDE_ACTIVATED"}
{"ts":1703788447564,"action":"IDE_DEACTIVATED"}
{"ts":1703788560941,"action":"FILE_CLOSED","file":"/buildSrc/src/main/java/Modules.kt","tags":{"FILE_LINE_OF_CODE":"13"}}
{"ts":1703788676840,"action":"IDE_ACTIVATED"}
{"ts":1703788695226,"action":"IDE_DEACTIVATED"}
{"ts":1703788773965,"action":"IDE_ACTIVATED"}
{"ts":1703788804329,"action":"FILE_OPENED","file":"/tracker/tracker_data/src/main/java/com/plcoding/tracker_data/local/TrackerDao.kt","tags":{"FILE_LINE_OF_CODE":"24"}}
{"ts":1703788823430,"action":"FILE_CLOSED","file":"/tracker/tracker_data/src/main/java/com/plcoding/tracker_data/local/TrackerDao.kt","tags":{"FILE_LINE_OF_CODE":"24"}}
{"ts":1703788823430,"action":"FILE_OPENED","file":"/tracker/tracker_data/src/main/java/com/plcoding/tracker_data/local/entity/TrackedFoodEntity.kt","tags":{"FILE_LINE_OF_CODE":"21"}}
{"ts":1703788831169,"action":"FILE_CLOSED","file":"/tracker/tracker_data/src/main/java/com/plcoding/tracker_data/local/entity/TrackedFoodEntity.kt","tags":{"FILE_LINE_OF_CODE":"21"}}
{"ts":1703788831169,"action":"FILE_OPENED","file":"/tracker/tracker_data/src/main/java/com/plcoding/tracker_data/local/TrackerDao.kt","tags":{"FILE_LINE_OF_CODE":"24"}}
{"ts":1703788886913,"action":"FILE_CLOSED","file":"/tracker/tracker_data/src/main/java/com/plcoding/tracker_data/local/TrackerDao.kt","tags":{"FILE_LINE_OF_CODE":"24"}}
{"ts":1703788886913,"action":"FILE_OPENED","file":"/buildSrc/src/main/java/Testing.kt","tags":{"FILE_LINE_OF_CODE":"30"}}
{"ts":1703788889663,"action":"FILE_CLOSED","file":"/buildSrc/src/main/java/Testing.kt","tags":{"FILE_LINE_OF_CODE":"30"}}
{"ts":1703788889663,"action":"FILE_OPENED","file":"/buildSrc/src/main/java/Room.kt","tags":{"FILE_LINE_OF_CODE":"6"}}
{"ts":1703788892164,"action":"IDE_DEACTIVATED"}
{"ts":1703788907182,"action":"IDE_ACTIVATED"}
{"ts":1703788918792,"action":"IDE_DEACTIVATED"}
{"ts":1703788978800,"action":"IDE_ACTIVATED"}
{"ts":1703788993149,"action":"FILE_CLOSED","file":"/buildSrc/src/main/java/Room.kt","tags":{"FILE_LINE_OF_CODE":"6"}}
{"ts":1703788993149,"action":"FILE_OPENED","file":"/tracker/tracker_data/src/main/java/com/plcoding/tracker_data/local/entity/TrackedFoodEntity.kt","tags":{"FILE_LINE_OF_CODE":"21"}}
{"ts":1703789026645,"action":"IDE_DEACTIVATED"}
{"ts":1703789052758,"action":"IDE_ACTIVATED"}
{"ts":1703789078640,"action":"FILE_CLOSED","file":"/tracker/tracker_data/src/main/java/com/plcoding/tracker_data/local/entity/TrackedFoodEntity.kt","tags":{"FILE_LINE_OF_CODE":"21"}}
{"ts":1703789078640,"action":"FILE_OPENED","file":"/tracker/tracker_data/src/main/java/com/plcoding/tracker_data/di/TrackerDataModule.kt","tags":{"FILE_LINE_OF_CODE":"68"}}
{"ts":1703789136719,"action":"IDE_DEACTIVATED"}
{"ts":1703789190418,"action":"IDE_ACTIVATED"}
{"ts":1703789217280,"action":"FILE_CLOSED","file":"/tracker/tracker_data/src/main/java/com/plcoding/tracker_data/di/TrackerDataModule.kt","tags":{"FILE_LINE_OF_CODE":"68"}}
{"ts":1703789217280,"action":"FILE_OPENED","file":"/tracker/tracker_data/src/main/java/com/plcoding/tracker_data/local/TrackerDatabase.kt","tags":{"FILE_LINE_OF_CODE":"14"}}
{"ts":1703789219258,"action":"FILE_CLOSED","file":"/tracker/tracker_data/src/main/java/com/plcoding/tracker_data/local/TrackerDatabase.kt","tags":{"FILE_LINE_OF_CODE":"14"}}
{"ts":1703789219258,"action":"FILE_OPENED","file":"/tracker/tracker_data/src/main/java/com/plcoding/tracker_data/local/TrackerDao.kt","tags":{"FILE_LINE_OF_CODE":"24"}}
{"ts":1703789221702,"action":"FILE_CLOSED","file":"/tracker/tracker_data/src/main/java/com/plcoding/tracker_data/local/TrackerDao.kt","tags":{"FILE_LINE_OF_CODE":"24"}}
{"ts":1703789221702,"action":"FILE_OPENED","file":"/tracker/tracker_data/src/main/java/com/plcoding/tracker_data/local/entity/TrackedFoodEntity.kt","tags":{"FILE_LINE_OF_CODE":"21"}}
{"ts":1703789245677,"action":"FILE_CLOSED","file":"/tracker/tracker_data/src/main/java/com/plcoding/tracker_data/local/entity/TrackedFoodEntity.kt","tags":{"FILE_LINE_OF_CODE":"21"}}
{"ts":1703789245677,"action":"FILE_OPENED","file":"/tracker/tracker_data/src/main/java/com/plcoding/tracker_data/remote/OpenFoodApi.kt","tags":{"FILE_LINE_OF_CODE":"19"}}
{"ts":1703789254691,"action":"FILE_CLOSED","file":"/tracker/tracker_data/src/main/java/com/plcoding/tracker_data/remote/OpenFoodApi.kt","tags":{"FILE_LINE_OF_CODE":"19"}}
{"ts":1703789254691,"action":"FILE_OPENED","file":"/tracker/tracker_data/src/main/java/com/plcoding/tracker_data/repository/TrackerRepositoryImpl.kt","tags":{"FILE_LINE_OF_CODE":"67"}}
{"ts":1703789278007,"action":"IDE_DEACTIVATED"}
{"ts":1703789302527,"action":"IDE_ACTIVATED"}
{"ts":1703789306302,"action":"FILE_CLOSED","file":"/tracker/tracker_data/src/main/java/com/plcoding/tracker_data/repository/TrackerRepositoryImpl.kt","tags":{"FILE_LINE_OF_CODE":"67"}}
{"ts":1703789355353,"action":"FILE_OPENED","file":"/tracker/tracker_data/src/main/java/com/plcoding/tracker_data/repository/TrackerRepositoryImpl.kt","tags":{"FILE_LINE_OF_CODE":"67"}}
{"ts":1703789355397,"action":"FILE_CLOSED","file":"/tracker/tracker_data/src/main/java/com/plcoding/tracker_data/repository/TrackerRepositoryImpl.kt","tags":{"FILE_LINE_OF_CODE":"67"}}
{"ts":1703789355397,"action":"FILE_OPENED","file":"/tracker/tracker_data/src/main/java/com/plcoding/tracker_data/mapper/TrackableFoodMapper.kt","tags":{"FILE_LINE_OF_CODE":"20"}}
{"ts":1703789372817,"action":"FILE_CLOSED","file":"/tracker/tracker_data/src/main/java/com/plcoding/tracker_data/mapper/TrackableFoodMapper.kt","tags":{"FILE_LINE_OF_CODE":"20"}}
{"ts":1703789383176,"action":"FILE_OPENED","file":"/tracker/tracker_data/src/main/java/com/plcoding/tracker_data/mapper/TrackableFoodMapper.kt","tags":{"FILE_LINE_OF_CODE":"20"}}
{"ts":1703789412574,"action":"FILE_CLOSED","file":"/tracker/tracker_data/src/main/java/com/plcoding/tracker_data/mapper/TrackableFoodMapper.kt","tags":{"FILE_LINE_OF_CODE":"20"}}
{"ts":1703789412574,"action":"FILE_OPENED","file":"/buildSrc/src/main/java/Room.kt","tags":{"FILE_LINE_OF_CODE":"6"}}
{"ts":1703789431275,"action":"IDE_DEACTIVATED"}
{"ts":1703789436184,"action":"IDE_ACTIVATED"}
{"ts":1703789453146,"action":"FILE_CLOSED","file":"/buildSrc/src/main/java/Room.kt","tags":{"FILE_LINE_OF_CODE":"6"}}
{"ts":1703789453146,"action":"FILE_OPENED","file":"/tracker/tracker_data/src/main/java/com/plcoding/tracker_data/mapper/TrackedFoodMapper.kt","tags":{"FILE_LINE_OF_CODE":"38"}}
{"ts":1703789481301,"action":"FILE_CLOSED","file":"/tracker/tracker_data/src/main/java/com/plcoding/tracker_data/mapper/TrackedFoodMapper.kt","tags":{"FILE_LINE_OF_CODE":"38"}}
{"ts":1703789489217,"action":"FILE_OPENED","file":"/tracker/tracker_data/src/main/java/com/plcoding/tracker_data/local/TrackerDao.kt","tags":{"FILE_LINE_OF_CODE":"24"}}
{"ts":1703789517227,"action":"FILE_CLOSED","file":"/tracker/tracker_data/src/main/java/com/plcoding/tracker_data/local/TrackerDao.kt","tags":{"FILE_LINE_OF_CODE":"24"}}
{"ts":1703789534805,"action":"FILE_OPENED","file":"/tracker/tracker_data/src/main/java/com/plcoding/tracker_data/mapper/TrackedFoodMapper.kt","tags":{"FILE_LINE_OF_CODE":"38"}}
{"ts":1703789540238,"action":"FILE_CLOSED","file":"/tracker/tracker_data/src/main/java/com/plcoding/tracker_data/mapper/TrackedFoodMapper.kt","tags":{"FILE_LINE_OF_CODE":"38"}}
{"ts":1703789540238,"action":"FILE_OPENED","file":"/tracker/tracker_data/src/main/java/com/plcoding/tracker_data/local/TrackerDao.kt","tags":{"FILE_LINE_OF_CODE":"24"}}
{"ts":1703789545211,"action":"FILE_CLOSED","file":"/tracker/tracker_data/src/main/java/com/plcoding/tracker_data/local/TrackerDao.kt","tags":{"FILE_LINE_OF_CODE":"24"}}
{"ts":1703789545211,"action":"FILE_OPENED","file":"/tracker/tracker_data/src/main/java/com/plcoding/tracker_data/repository/TrackerRepositoryImpl.kt","tags":{"FILE_LINE_OF_CODE":"67"}}
{"ts":1703789550800,"action":"FILE_CLOSED","file":"/tracker/tracker_data/src/main/java/com/plcoding/tracker_data/repository/TrackerRepositoryImpl.kt","tags":{"FILE_LINE_OF_CODE":"67"}}
{"ts":1703789550800,"action":"FILE_OPENED","file":"/tracker/tracker_data/src/main/java/com/plcoding/tracker_data/local/TrackerDao.kt","tags":{"FILE_LINE_OF_CODE":"24"}}
{"ts":1703789576306,"action":"IDE_DEACTIVATED"}
{"ts":1703789582637,"action":"IDE_ACTIVATED"}
{"ts":1703789619003,"action":"FILE_CLOSED","file":"/tracker/tracker_data/src/main/java/com/plcoding/tracker_data/local/TrackerDao.kt","tags":{"FILE_LINE_OF_CODE":"24"}}
{"ts":1703789619003,"action":"FILE_OPENED","file":"/tracker/tracker_data/src/main/java/com/plcoding/tracker_data/repository/TrackerRepositoryImpl.kt","tags":{"FILE_LINE_OF_CODE":"67"}}
{"ts":1703789635724,"action":"FILE_CLOSED","file":"/tracker/tracker_data/src/main/java/com/plcoding/tracker_data/repository/TrackerRepositoryImpl.kt","tags":{"FILE_LINE_OF_CODE":"67"}}
{"ts":1703789635724,"action":"FILE_OPENED","file":"/tracker/tracker_data/src/main/java/com/plcoding/tracker_data/local/TrackerDao.kt","tags":{"FILE_LINE_OF_CODE":"24"}}
{"ts":1703789645715,"action":"FILE_CLOSED","file":"/tracker/tracker_data/src/main/java/com/plcoding/tracker_data/local/TrackerDao.kt","tags":{"FILE_LINE_OF_CODE":"24"}}
{"ts":1703789645715,"action":"FILE_OPENED","file":"/buildSrc/src/main/java/Room.kt","tags":{"FILE_LINE_OF_CODE":"6"}}
{"ts":1703789658815,"action":"IDE_DEACTIVATED"}
{"ts":1703789660635,"action":"IDE_ACTIVATED"}
{"ts":1703789668363,"action":"FILE_CLOSED","file":"/buildSrc/src/main/java/Room.kt","tags":{"FILE_LINE_OF_CODE":"6"}}
{"ts":1703789668363,"action":"FILE_OPENED","file":"/buildSrc/src/main/java/DaggerHilt.kt","tags":{"FILE_LINE_OF_CODE":"5"}}
{"ts":1703789675352,"action":"IDE_DEACTIVATED"}
{"ts":1703789696888,"action":"IDE_ACTIVATED"}
{"ts":1703789713120,"action":"IDE_DEACTIVATED"}
{"ts":1703789717887,"action":"IDE_ACTIVATED"}
{"ts":1703789766533,"action":"IDE_DEACTIVATED"}
{"ts":1703789766535,"action":"IDE_ACTIVATED"}
{"ts":1703789795341,"action":"IDE_DEACTIVATED"}
{"ts":1703789817234,"action":"IDE_ACTIVATED"}
{"ts":1703789831245,"action":"FILE_CLOSED","file":"/buildSrc/src/main/java/DaggerHilt.kt","tags":{"FILE_LINE_OF_CODE":"5"}}
{"ts":1703789831245,"action":"FILE_OPENED","file":"/buildSrc/src/main/java/Kotlin.kt","tags":{"FILE_LINE_OF_CODE":"3"}}
{"ts":1703789833370,"action":"IDE_DEACTIVATED"}
{"ts":1703789840101,"action":"IDE_ACTIVATED"}
{"ts":1703789845177,"action":"FILE_CLOSED","file":"/buildSrc/src/main/java/Kotlin.kt","tags":{"FILE_LINE_OF_CODE":"3"}}
{"ts":1703789845177,"action":"FILE_OPENED","file":"/base-module.gradle","tags":{"FILE_LINE_OF_CODE":"56"}}
{"ts":1703789854646,"action":"FILE_CLOSED","file":"/base-module.gradle","tags":{"FILE_LINE_OF_CODE":"56"}}
{"ts":1703789854646,"action":"FILE_OPENED","file":"/buildSrc/build.gradle.kts","tags":{"FILE_LINE_OF_CODE":"25"}}
{"ts":1703789857789,"action":"IDE_DEACTIVATED"}
{"ts":1703789863164,"action":"IDE_ACTIVATED"}
{"ts":1703789891516,"action":"FILE_CLOSED","file":"/buildSrc/build.gradle.kts","tags":{"FILE_LINE_OF_CODE":"25"}}
{"ts":1703789891516,"action":"FILE_OPENED","file":"/app/build.gradle.kts","tags":{"FILE_LINE_OF_CODE":"108"}}
{"ts":1703789893881,"action":"IDE_DEACTIVATED"}
{"ts":1703789897078,"action":"IDE_ACTIVATED"}
{"ts":1703789897764,"action":"IDE_DEACTIVATED"}
{"ts":1703789906604,"action":"IDE_ACTIVATED"}
{"ts":1703789909757,"action":"FILE_CLOSED","file":"/app/build.gradle.kts","tags":{"FILE_LINE_OF_CODE":"108"}}
{"ts":1703789909757,"action":"FILE_OPENED","file":"/build.gradle.kts","tags":{"FILE_LINE_OF_CODE":"21"}}
{"ts":1703789915618,"action":"FILE_CLOSED","file":"/build.gradle.kts","tags":{"FILE_LINE_OF_CODE":"21"}}
{"ts":1703789915618,"action":"FILE_OPENED","file":"/base-module.gradle","tags":{"FILE_LINE_OF_CODE":"56"}}
{"ts":1703789918103,"action":"FILE_CLOSED","file":"/base-module.gradle","tags":{"FILE_LINE_OF_CODE":"56"}}
{"ts":1703789918103,"action":"FILE_OPENED","file":"/buildSrc/build.gradle.kts","tags":{"FILE_LINE_OF_CODE":"25"}}
{"ts":1703789922626,"action":"IDE_DEACTIVATED"}
{"ts":1703789923998,"action":"IDE_ACTIVATED"}
{"ts":1703789931368,"action":"IDE_DEACTIVATED"}
{"ts":1703789932466,"action":"IDE_ACTIVATED"}
{"ts":1703789944453,"action":"FILE_CLOSED","file":"/buildSrc/build.gradle.kts","tags":{"FILE_LINE_OF_CODE":"25"}}
{"ts":1703789944453,"action":"FILE_OPENED","file":"/app/build.gradle.kts","tags":{"FILE_LINE_OF_CODE":"108"}}
{"ts":1703789948547,"action":"IDE_DEACTIVATED"}
{"ts":1703789950429,"action":"IDE_ACTIVATED"}
{"ts":1703789953227,"action":"IDE_DEACTIVATED"}
{"ts":1703789955206,"action":"IDE_ACTIVATED"}
{"ts":1703789962150,"action":"IDE_DEACTIVATED"}
{"ts":1703789963656,"action":"IDE_ACTIVATED"}
{"ts":1703790027388,"action":"IDE_DEACTIVATED"}
{"ts":1703790043515,"action":"IDE_ACTIVATED"}
{"ts":1703790046148,"action":"FILE_CLOSED","file":"/app/build.gradle.kts","tags":{"FILE_LINE_OF_CODE":"108"}}
{"ts":1703790046148,"action":"FILE_OPENED","file":"/build.gradle.kts","tags":{"FILE_LINE_OF_CODE":"21"}}
{"ts":1703790049636,"action":"FILE_CLOSED","file":"/build.gradle.kts","tags":{"FILE_LINE_OF_CODE":"21"}}
{"ts":1703790049636,"action":"FILE_OPENED","file":"/buildSrc/build.gradle.kts","tags":{"FILE_LINE_OF_CODE":"25"}}
{"ts":1703790054038,"action":"FILE_CLOSED","file":"/buildSrc/build.gradle.kts","tags":{"FILE_LINE_OF_CODE":"25"}}
{"ts":1703790054038,"action":"FILE_OPENED","file":"/app/build.gradle.kts","tags":{"FILE_LINE_OF_CODE":"108"}}
{"ts":1703790065104,"action":"FILE_CLOSED","file":"/app/build.gradle.kts","tags":{"FILE_LINE_OF_CODE":"108"}}
{"ts":1703790065104,"action":"FILE_OPENED","file":"/buildSrc/src/main/java/DaggerHilt.kt","tags":{"FILE_LINE_OF_CODE":"5"}}
{"ts":1703790078405,"action":"FILE_CLOSED","file":"/buildSrc/src/main/java/DaggerHilt.kt","tags":{"FILE_LINE_OF_CODE":"5"}}
{"ts":1703790078405,"action":"FILE_OPENED","file":"/base-module.gradle","tags":{"FILE_LINE_OF_CODE":"56"}}
{"ts":1703790081862,"action":"FILE_CLOSED","file":"/base-module.gradle","tags":{"FILE_LINE_OF_CODE":"56"}}
{"ts":1703790081862,"action":"FILE_OPENED","file":"/buildSrc/src/main/java/DaggerHilt.kt","tags":{"FILE_LINE_OF_CODE":"5"}}
{"ts":1703790091587,"action":"FILE_CLOSED","file":"/buildSrc/src/main/java/DaggerHilt.kt","tags":{"FILE_LINE_OF_CODE":"5"}}
{"ts":1703790091587,"action":"FILE_OPENED","file":"/app/build.gradle.kts","tags":{"FILE_LINE_OF_CODE":"108"}}
{"ts":1703790094965,"action":"IDE_DEACTIVATED"}
{"ts":1703790099761,"action":"IDE_ACTIVATED"}
{"ts":1703790103112,"action":"IDE_DEACTIVATED"}
{"ts":1703790140333,"action":"IDE_ACTIVATED"}
{"ts":1703790166129,"action":"FILE_CLOSED","file":"/app/build.gradle.kts","tags":{"FILE_LINE_OF_CODE":"108"}}
{"ts":1703790166129,"action":"FILE_OPENED","file":"/buildSrc/src/main/java/Testing.kt","tags":{"FILE_LINE_OF_CODE":"30"}}
{"ts":1703790175336,"action":"FILE_CLOSED","file":"/buildSrc/src/main/java/Testing.kt","tags":{"FILE_LINE_OF_CODE":"30"}}
{"ts":1703790175336,"action":"FILE_OPENED","file":"/buildSrc/src/main/java/DaggerHilt.kt","tags":{"FILE_LINE_OF_CODE":"5"}}
{"ts":1703790179545,"action":"FILE_CLOSED","file":"/buildSrc/src/main/java/DaggerHilt.kt","tags":{"FILE_LINE_OF_CODE":"5"}}
{"ts":1703790179545,"action":"FILE_OPENED","file":"/buildSrc/src/main/java/Testing.kt","tags":{"FILE_LINE_OF_CODE":"30"}}
{"ts":1703790180431,"action":"FILE_CLOSED","file":"/buildSrc/src/main/java/Testing.kt","tags":{"FILE_LINE_OF_CODE":"30"}}
{"ts":1703790180431,"action":"FILE_OPENED","file":"/app/build.gradle.kts","tags":{"FILE_LINE_OF_CODE":"108"}}
{"ts":1703790181552,"action":"IDE_DEACTIVATED"}
{"ts":1703790187087,"action":"IDE_ACTIVATED"}
{"ts":1703790188319,"action":"IDE_DEACTIVATED"}
{"ts":1703790208028,"action":"IDE_ACTIVATED"}
{"ts":1703790208704,"action":"IDE_DEACTIVATED"}
{"ts":1703790214043,"action":"IDE_ACTIVATED"}
{"ts":1703790221853,"action":"IDE_DEACTIVATED"}
{"ts":1703790223644,"action":"IDE_ACTIVATED"}
{"ts":1703790232273,"action":"IDE_DEACTIVATED"}
{"ts":1703790236289,"action":"IDE_ACTIVATED"}
{"ts":1703790245361,"action":"IDE_DEACTIVATED"}
{"ts":1703790253278,"action":"IDE_ACTIVATED"}
{"ts":1703790253775,"action":"IDE_DEACTIVATED"}
{"ts":1703790257212,"action":"IDE_ACTIVATED"}
{"ts":1703790261895,"action":"FILE_CLOSED","file":"/app/build.gradle.kts","tags":{"FILE_LINE_OF_CODE":"108"}}
{"ts":1703790261895,"action":"FILE_OPENED","file":"/buildSrc/src/main/java/Build.kt","tags":{"FILE_LINE_OF_CODE":"9"}}
{"ts":1703790266345,"action":"IDE_DEACTIVATED"}
{"ts":1703790267255,"action":"IDE_ACTIVATED"}
{"ts":1703790294893,"action":"FILE_CLOSED","file":"/buildSrc/src/main/java/Build.kt","tags":{"FILE_LINE_OF_CODE":"9"}}
{"ts":1703790294893,"action":"FILE_OPENED","file":"/build.gradle.kts","tags":{"FILE_LINE_OF_CODE":"21"}}
{"ts":1703790299784,"action":"IDE_DEACTIVATED"}
{"ts":1703790302900,"action":"IDE_ACTIVATED"}
{"ts":1703790304396,"action":"IDE_DEACTIVATED"}
{"ts":1703790324709,"action":"IDE_ACTIVATED"}
{"ts":1703790331919,"action":"FILE_CLOSED","file":"/build.gradle.kts","tags":{"FILE_LINE_OF_CODE":"21"}}
{"ts":1703790331919,"action":"FILE_OPENED","file":"/base-module.gradle","tags":{"FILE_LINE_OF_CODE":"56"}}
{"ts":1703790337874,"action":"FILE_CLOSED","file":"/base-module.gradle","tags":{"FILE_LINE_OF_CODE":"56"}}
{"ts":1703790337874,"action":"FILE_OPENED","file":"/buildSrc/src/main/java/Build.kt","tags":{"FILE_LINE_OF_CODE":"9"}}
{"ts":1703790342755,"action":"FILE_CLOSED","file":"/buildSrc/src/main/java/Build.kt","tags":{"FILE_LINE_OF_CODE":"9"}}
{"ts":1703790342755,"action":"FILE_OPENED","file":"/buildSrc/src/main/java/Testing.kt","tags":{"FILE_LINE_OF_CODE":"30"}}
{"ts":1703790347509,"action":"FILE_CLOSED","file":"/buildSrc/src/main/java/Testing.kt","tags":{"FILE_LINE_OF_CODE":"30"}}
{"ts":1703790347509,"action":"FILE_OPENED","file":"/buildSrc/src/main/java/DaggerHilt.kt","tags":{"FILE_LINE_OF_CODE":"5"}}
{"ts":1703790348065,"action":"IDE_DEACTIVATED"}
{"ts":1703790349489,"action":"IDE_ACTIVATED"}
{"ts":1703790367354,"action":"FILE_CLOSED","file":"/buildSrc/src/main/java/DaggerHilt.kt","tags":{"FILE_LINE_OF_CODE":"5"}}
{"ts":1703790367354,"action":"FILE_OPENED","file":"/base-module.gradle","tags":{"FILE_LINE_OF_CODE":"56"}}
{"ts":1703790369196,"action":"IDE_DEACTIVATED"}
{"ts":1703790374541,"action":"IDE_ACTIVATED"}
{"ts":1703790379371,"action":"FILE_CLOSED","file":"/base-module.gradle","tags":{"FILE_LINE_OF_CODE":"56"}}
{"ts":1703790379372,"action":"FILE_OPENED","file":"/app/build.gradle.kts","tags":{"FILE_LINE_OF_CODE":"108"}}
{"ts":1703790381951,"action":"IDE_DEACTIVATED"}
{"ts":1703790382848,"action":"IDE_ACTIVATED"}
{"ts":1703790389124,"action":"IDE_DEACTIVATED"}
{"ts":1703790413587,"action":"IDE_ACTIVATED"}
{"ts":1703790419502,"action":"FILE_CLOSED","file":"/app/build.gradle.kts","tags":{"FILE_LINE_OF_CODE":"108"}}
{"ts":1703790419502,"action":"FILE_OPENED","file":"/build.gradle.kts","tags":{"FILE_LINE_OF_CODE":"21"}}
{"ts":1703790421968,"action":"FILE_CLOSED","file":"/build.gradle.kts","tags":{"FILE_LINE_OF_CODE":"21"}}
{"ts":1703790421968,"action":"FILE_OPENED","file":"/base-module.gradle","tags":{"FILE_LINE_OF_CODE":"56"}}
{"ts":1703790438330,"action":"FILE_CLOSED","file":"/base-module.gradle","tags":{"FILE_LINE_OF_CODE":"56"}}
{"ts":1703790438330,"action":"FILE_OPENED","file":"/build.gradle.kts","tags":{"FILE_LINE_OF_CODE":"21"}}
{"ts":1703790442016,"action":"IDE_DEACTIVATED"}
{"ts":1703790443205,"action":"IDE_ACTIVATED"}
{"ts":1703790445474,"action":"IDE_DEACTIVATED"}
{"ts":1703790447370,"action":"IDE_ACTIVATED"}
{"ts":1703790449790,"action":"FILE_CLOSED","file":"/build.gradle.kts","tags":{"FILE_LINE_OF_CODE":"21"}}
{"ts":1703790449790,"action":"FILE_OPENED","file":"/base-module.gradle","tags":{"FILE_LINE_OF_CODE":"56"}}
{"ts":1703790468944,"action":"IDE_DEACTIVATED"}
{"ts":1703790495567,"action":"IDE_ACTIVATED"}
{"ts":1703790522060,"action":"IDE_DEACTIVATED"}
{"ts":1703790526108,"action":"IDE_ACTIVATED"}
{"ts":1703790537764,"action":"IDE_DEACTIVATED"}
{"ts":1703790554055,"action":"IDE_ACTIVATED"}
{"ts":1703790558127,"action":"IDE_DEACTIVATED"}
{"ts":1703790582587,"action":"IDE_ACTIVATED"}
{"ts":1703790587358,"action":"FILE_CLOSED","file":"/base-module.gradle","tags":{"FILE_LINE_OF_CODE":"56"}}
{"ts":1703790587358,"action":"FILE_OPENED","file":"/app/build.gradle.kts","tags":{"FILE_LINE_OF_CODE":"108"}}
{"ts":1703790754652,"action":"FILE_CLOSED","file":"/app/build.gradle.kts","tags":{"FILE_LINE_OF_CODE":"117"}}
{"ts":1703790754653,"action":"FILE_OPENED","file":"/tracker/tracker_domain/src/androidTest/java/com/plcoding/tracker_domain/ExampleInstrumentedTest.kt","tags":{"FILE_LINE_OF_CODE":"24"}}
{"ts":1703790757909,"action":"FILE_CLOSED","file":"/tracker/tracker_domain/src/androidTest/java/com/plcoding/tracker_domain/ExampleInstrumentedTest.kt","tags":{"FILE_LINE_OF_CODE":"24"}}
{"ts":1703790757939,"action":"FILE_OPENED","file":"/buildSrc/src/main/java/Build.kt","tags":{"FILE_LINE_OF_CODE":"9"}}
{"ts":1703790812011,"action":"FILE_CLOSED","file":"/buildSrc/src/main/java/Build.kt","tags":{"FILE_LINE_OF_CODE":"9"}}
{"ts":1703790812011,"action":"FILE_OPENED","file":"/base-module.gradle","tags":{"FILE_LINE_OF_CODE":"56"}}
{"ts":1703790820121,"action":"FILE_CLOSED","file":"/base-module.gradle","tags":{"FILE_LINE_OF_CODE":"56"}}
{"ts":1703790820121,"action":"FILE_OPENED","file":"/app/build.gradle.kts","tags":{"FILE_LINE_OF_CODE":"117"}}
{"ts":1703790852049,"action":"FILE_CLOSED","file":"/app/build.gradle.kts","tags":{"FILE_LINE_OF_CODE":"117"}}
{"ts":1703790852049,"action":"FILE_OPENED","file":"/buildSrc/build.gradle.kts","tags":{"FILE_LINE_OF_CODE":"25"}}
{"ts":1703790877683,"action":"FILE_CLOSED","file":"/buildSrc/build.gradle.kts","tags":{"FILE_LINE_OF_CODE":"25"}}
{"ts":1703790877683,"action":"FILE_OPENED","file":"/base-module.gradle","tags":{"FILE_LINE_OF_CODE":"56"}}
{"ts":1703790880691,"action":"FILE_CLOSED","file":"/base-module.gradle","tags":{"FILE_LINE_OF_CODE":"56"}}
{"ts":1703790880691,"action":"FILE_OPENED","file":"/buildSrc/build.gradle.kts","tags":{"FILE_LINE_OF_CODE":"25"}}
{"ts":1703790883978,"action":"FILE_CLOSED","file":"/buildSrc/build.gradle.kts","tags":{"FILE_LINE_OF_CODE":"25"}}
{"ts":1703790883978,"action":"FILE_OPENED","file":"/base-module.gradle","tags":{"FILE_LINE_OF_CODE":"56"}}
{"ts":1703790897567,"action":"FILE_CLOSED","file":"/base-module.gradle","tags":{"FILE_LINE_OF_CODE":"70"}}
{"ts":1703790897567,"action":"FILE_OPENED","file":"/app/build.gradle.kts","tags":{"FILE_LINE_OF_CODE":"117"}}
{"ts":1703790900575,"action":"FILE_CLOSED","file":"/app/build.gradle.kts","tags":{"FILE_LINE_OF_CODE":"117"}}
{"ts":1703790900575,"action":"FILE_OPENED","file":"/core/build.gradle.kts","tags":{"FILE_LINE_OF_CODE":"10"}}
{"ts":1703790906489,"action":"FILE_CLOSED","file":"/core/build.gradle.kts","tags":{"FILE_LINE_OF_CODE":"10"}}
{"ts":1703790906489,"action":"FILE_OPENED","file":"/tracker/tracker_domain/build.gradle.kts","tags":{"FILE_LINE_OF_CODE":"15"}}
{"ts":1703790909268,"action":"FILE_CLOSED","file":"/tracker/tracker_domain/build.gradle.kts","tags":{"FILE_LINE_OF_CODE":"15"}}
{"ts":1703790909268,"action":"FILE_OPENED","file":"/tracker/tracker_data/build.gradle.kts","tags":{"FILE_LINE_OF_CODE":"24"}}
{"ts":1703790911488,"action":"FILE_CLOSED","file":"/tracker/tracker_data/build.gradle.kts","tags":{"FILE_LINE_OF_CODE":"24"}}
{"ts":1703790911488,"action":"FILE_OPENED","file":"/onboarding/onboarding_presentation/build.gradle.kts","tags":{"FILE_LINE_OF_CODE":"16"}}
{"ts":1703790913324,"action":"FILE_CLOSED","file":"/onboarding/onboarding_presentation/build.gradle.kts","tags":{"FILE_LINE_OF_CODE":"16"}}
{"ts":1703790913325,"action":"FILE_OPENED","file":"/onboarding/onboarding_domain/build.gradle.kts","tags":{"FILE_LINE_OF_CODE":"14"}}
{"ts":1703790914303,"action":"FILE_CLOSED","file":"/onboarding/onboarding_domain/build.gradle.kts","tags":{"FILE_LINE_OF_CODE":"14"}}
{"ts":1703790914303,"action":"FILE_OPENED","file":"/core-ui/build.gradle.kts","tags":{"FILE_LINE_OF_CODE":"10"}}
{"ts":1703790923793,"action":"FILE_CLOSED","file":"/core-ui/build.gradle.kts","tags":{"FILE_LINE_OF_CODE":"10"}}
{"ts":1703790925545,"action":"FILE_OPENED","file":"/base-module.gradle","tags":{"FILE_LINE_OF_CODE":"70"}}
{"ts":1703790937632,"action":"IDE_DEACTIVATED"}
{"ts":1703790941538,"action":"IDE_ACTIVATED"}
{"ts":1703790946922,"action":"IDE_DEACTIVATED"}
{"ts":1703790965525,"action":"IDE_ACTIVATED"}
{"ts":1703790975997,"action":"FILE_CLOSED","file":"/base-module.gradle","tags":{"FILE_LINE_OF_CODE":"56"}}
{"ts":1703790975997,"action":"FILE_OPENED","file":"/buildSrc/build.gradle.kts","tags":{"FILE_LINE_OF_CODE":"25"}}
{"ts":1703790980039,"action":"FILE_CLOSED","file":"/buildSrc/build.gradle.kts","tags":{"FILE_LINE_OF_CODE":"25"}}
{"ts":1703790980039,"action":"FILE_OPENED","file":"/app/build.gradle.kts","tags":{"FILE_LINE_OF_CODE":"117"}}
{"ts":1703791018010,"action":"FILE_CLOSED","file":"/app/build.gradle.kts","tags":{"FILE_LINE_OF_CODE":"106"}}
{"ts":1703791018010,"action":"FILE_OPENED","file":"/onboarding/onboarding_domain/build.gradle.kts","tags":{"FILE_LINE_OF_CODE":"14"}}
{"ts":1703791022568,"action":"FILE_CLOSED","file":"/onboarding/onboarding_domain/build.gradle.kts","tags":{"FILE_LINE_OF_CODE":"14"}}
{"ts":1703791022581,"action":"FILE_OPENED","file":"/onboarding/onboarding_presentation/build.gradle.kts","tags":{"FILE_LINE_OF_CODE":"16"}}
{"ts":1703791036005,"action":"IDE_DEACTIVATED"}
{"ts":1703791197109,"action":"IDE_ACTIVATED"}
{"ts":1703791216499,"action":"FILE_CLOSED","file":"/onboarding/onboarding_presentation/build.gradle.kts","tags":{"FILE_LINE_OF_CODE":"16"}}
{"ts":1703791224222,"action":"FILE_OPENED","file":"/tracker/tracker_data/build.gradle.kts","tags":{"FILE_LINE_OF_CODE":"24"}}
{"ts":1703791224297,"action":"FILE_CLOSED","file":"/tracker/tracker_data/build.gradle.kts","tags":{"FILE_LINE_OF_CODE":"24"}}
{"ts":1703791224297,"action":"FILE_OPENED","file":"/onboarding/onboarding_presentation/consumer-rules.pro","tags":{"FILE_LINE_OF_CODE":"0"}}
{"ts":1703791227771,"action":"FILE_CLOSED","file":"/onboarding/onboarding_presentation/consumer-rules.pro","tags":{"FILE_LINE_OF_CODE":"0"}}
{"ts":1703791227802,"action":"FILE_OPENED","file":"/tracker/tracker_data/build.gradle.kts","tags":{"FILE_LINE_OF_CODE":"24"}}
{"ts":1703791229279,"action":"FILE_CLOSED","file":"/tracker/tracker_data/build.gradle.kts","tags":{"FILE_LINE_OF_CODE":"24"}}
{"ts":1703791229311,"action":"FILE_OPENED","file":"/tracker/tracker_domain/build.gradle.kts","tags":{"FILE_LINE_OF_CODE":"15"}}
{"ts":1703791230494,"action":"FILE_CLOSED","file":"/tracker/tracker_domain/build.gradle.kts","tags":{"FILE_LINE_OF_CODE":"15"}}
{"ts":1703791231816,"action":"FILE_OPENED","file":"/tracker/tracker_data/src/main/java/com/plcoding/tracker_data/mapper/TrackableFoodMapper.kt","tags":{"FILE_LINE_OF_CODE":"20"}}
{"ts":1703791232669,"action":"FILE_CLOSED","file":"/tracker/tracker_data/src/main/java/com/plcoding/tracker_data/mapper/TrackableFoodMapper.kt","tags":{"FILE_LINE_OF_CODE":"20"}}
{"ts":1703791232669,"action":"FILE_OPENED","file":"/tracker/tracker_data/src/main/java/com/plcoding/tracker_data/mapper/TrackedFoodMapper.kt","tags":{"FILE_LINE_OF_CODE":"38"}}
{"ts":1703791233829,"action":"FILE_CLOSED","file":"/tracker/tracker_data/src/main/java/com/plcoding/tracker_data/mapper/TrackedFoodMapper.kt","tags":{"FILE_LINE_OF_CODE":"38"}}
{"ts":1703791233857,"action":"FILE_OPENED","file":"/tracker/tracker_data/src/main/java/com/plcoding/tracker_data/mapper/TrackableFoodMapper.kt","tags":{"FILE_LINE_OF_CODE":"20"}}
{"ts":1703791235960,"action":"FILE_CLOSED","file":"/tracker/tracker_data/src/main/java/com/plcoding/tracker_data/mapper/TrackableFoodMapper.kt","tags":{"FILE_LINE_OF_CODE":"20"}}
{"ts":1703791235960,"action":"FILE_OPENED","file":"/tracker/tracker_domain/build.gradle.kts","tags":{"FILE_LINE_OF_CODE":"15"}}
{"ts":1703791237251,"action":"FILE_CLOSED","file":"/tracker/tracker_domain/build.gradle.kts","tags":{"FILE_LINE_OF_CODE":"15"}}
{"ts":1703791237287,"action":"FILE_OPENED","file":"/core/build.gradle.kts","tags":{"FILE_LINE_OF_CODE":"10"}}
{"ts":1703791439983,"action":"IDE_DEACTIVATED"}
{"ts":1703791479438,"action":"IDE_ACTIVATED"}
{"ts":1703791603847,"action":"FILE_CLOSED","file":"/core/build.gradle.kts","tags":{"FILE_LINE_OF_CODE":"10"}}
{"ts":1703791603866,"action":"FILE_OPENED","file":"/buildSrc/src/main/java/Build.kt","tags":{"FILE_LINE_OF_CODE":"9"}}
{"ts":1703791621278,"action":"FILE_CLOSED","file":"/buildSrc/src/main/java/Build.kt","tags":{"FILE_LINE_OF_CODE":"9"}}
{"ts":1703791624787,"action":"FILE_OPENED","file":"/buildSrc/src/main/java/Build.kt","tags":{"FILE_LINE_OF_CODE":"9"}}
